# JRE version: OpenJDK Runtime Environment (21.0.9) (build 21.0.9+-14787801-b1163.94)
# Java VM: OpenJDK 64-Bit Server VM (21.0.9+-14787801-b1163.94, mixed mode, tiered, compressed oops, compressed class ptrs, g1 gc, windows-amd64)
GC Precious Log:
 CardTable entry size: 512
 Card Set container configuration: InlinePtr #cards 5 size 8 Array Of Cards #cards 12 size 40 Howl #buckets 4 coarsen threshold 1843 Howl Bitmap #cards 512 size 80 coarsen threshold 460 Card regions per heap region 1 cards per card region 2048
 CPUs: 16 total, 16 available
 Memory: 31892M
 Large Page Support: Disabled
 NUMA Support: Disabled
 Compressed Oops: Enabled (32-bit)
 Heap Region Size: 1M
 Heap Min Capacity: 8M
 Heap Initial Capacity: 500M
 Heap Max Capacity: 2G
 Pre-touch: Disabled
 Parallel Workers: 13
 Concurrent Workers: 3
 Concurrent Refinement Workers: 13
 Periodic GC: Disabled
Heap:
 garbage-first heap   total 296960K, used 108953K [0x0000000080000000, 0x0000000100000000)
  region size 1024K, 71 young (72704K), 5 survivors (5120K)
 Metaspace       used 67564K, committed 69056K, reserved 1114112K
  class space    used 9396K, committed 10112K, reserved 1048576K
GC Heap History (20 events):
Event: 1.328 GC heap before
{Heap before GC invocations=3 (full 0):
 garbage-first heap   total 512000K, used 43938K [0x0000000080000000, 0x0000000100000000)
  region size 1024K, 35 young (35840K), 7 survivors (7168K)
 Metaspace       used 21211K, committed 21504K, reserved 1114112K
  class space    used 2500K, committed 2624K, reserved 1048576K
}
Event: 1.331 GC heap after
{Heap after GC invocations=4 (full 0):
 garbage-first heap   total 512000K, used 19508K [0x0000000080000000, 0x0000000100000000)
  region size 1024K, 11 young (11264K), 11 survivors (11264K)
 Metaspace       used 21211K, committed 21504K, reserved 1114112K
  class space    used 2500K, committed 2624K, reserved 1048576K
}
Event: 1.802 GC heap before
{Heap before GC invocations=5 (full 0):
 garbage-first heap   total 68608K, used 66612K [0x0000000080000000, 0x0000000100000000)
  region size 1024K, 58 young (59392K), 11 survivors (11264K)
 Metaspace       used 29107K, committed 29632K, reserved 1114112K
  class space    used 3786K, committed 4032K, reserved 1048576K
}
Event: 1.806 GC heap after
{Heap after GC invocations=6 (full 0):
 garbage-first heap   total 81920K, used 22367K [0x0000000080000000, 0x0000000100000000)
  region size 1024K, 13 young (13312K), 13 survivors (13312K)
 Metaspace       used 29107K, committed 29632K, reserved 1114112K
  class space    used 3786K, committed 4032K, reserved 1048576K
}
Event: 2.331 GC heap before
{Heap before GC invocations=6 (full 0):
 garbage-first heap   total 81920K, used 57183K [0x0000000080000000, 0x0000000100000000)
  region size 1024K, 48 young (49152K), 13 survivors (13312K)
 Metaspace       used 34124K, committed 34880K, reserved 1114112K
  class space    used 4632K, committed 4992K, reserved 1048576K
}
Event: 2.334 GC heap after
{Heap after GC invocations=7 (full 0):
 garbage-first heap   total 81920K, used 24266K [0x0000000080000000, 0x0000000100000000)
  region size 1024K, 6 young (6144K), 6 survivors (6144K)
 Metaspace       used 34124K, committed 34880K, reserved 1114112K
  class space    used 4632K, committed 4992K, reserved 1048576K
}
Event: 2.425 GC heap before
{Heap before GC invocations=7 (full 0):
 garbage-first heap   total 81920K, used 33482K [0x0000000080000000, 0x0000000100000000)
  region size 1024K, 16 young (16384K), 6 survivors (6144K)
 Metaspace       used 35231K, committed 36096K, reserved 1114112K
  class space    used 4849K, committed 5312K, reserved 1048576K
}
Event: 2.427 GC heap after
{Heap after GC invocations=8 (full 0):
 garbage-first heap   total 81920K, used 25033K [0x0000000080000000, 0x0000000100000000)
  region size 1024K, 4 young (4096K), 4 survivors (4096K)
 Metaspace       used 35231K, committed 36096K, reserved 1114112K
  class space    used 4849K, committed 5312K, reserved 1048576K
}
Event: 2.896 GC heap before
{Heap before GC invocations=9 (full 0):
 garbage-first heap   total 81920K, used 68041K [0x0000000080000000, 0x0000000100000000)
  region size 1024K, 47 young (48128K), 4 survivors (4096K)
 Metaspace       used 43603K, committed 44736K, reserved 1114112K
  class space    used 5983K, committed 6528K, reserved 1048576K
}
Event: 2.898 GC heap after
{Heap after GC invocations=10 (full 0):
 garbage-first heap   total 81920K, used 28349K [0x0000000080000000, 0x0000000100000000)
  region size 1024K, 6 young (6144K), 6 survivors (6144K)
 Metaspace       used 43603K, committed 44736K, reserved 1114112K
  class space    used 5983K, committed 6528K, reserved 1048576K
}
Event: 3.096 GC heap before
{Heap before GC invocations=10 (full 0):
 garbage-first heap   total 81920K, used 69309K [0x0000000080000000, 0x0000000100000000)
  region size 1024K, 47 young (48128K), 6 survivors (6144K)
 Metaspace       used 45801K, committed 46912K, reserved 1114112K
  class space    used 6270K, committed 6784K, reserved 1048576K
}
Event: 3.099 GC heap after
{Heap after GC invocations=11 (full 0):
 garbage-first heap   total 81920K, used 31278K [0x0000000080000000, 0x0000000100000000)
  region size 1024K, 3 young (3072K), 3 survivors (3072K)
 Metaspace       used 45801K, committed 46912K, reserved 1114112K
  class space    used 6270K, committed 6784K, reserved 1048576K
}
Event: 3.525 GC heap before
{Heap before GC invocations=11 (full 0):
 garbage-first heap   total 81920K, used 71214K [0x0000000080000000, 0x0000000100000000)
  region size 1024K, 42 young (43008K), 3 survivors (3072K)
 Metaspace       used 50543K, committed 51904K, reserved 1114112K
  class space    used 7078K, committed 7744K, reserved 1048576K
}
Event: 3.527 GC heap after
{Heap after GC invocations=12 (full 0):
 garbage-first heap   total 81920K, used 33395K [0x0000000080000000, 0x0000000100000000)
  region size 1024K, 5 young (5120K), 5 survivors (5120K)
 Metaspace       used 50543K, committed 51904K, reserved 1114112K
  class space    used 7078K, committed 7744K, reserved 1048576K
}
Event: 3.926 GC heap before
{Heap before GC invocations=12 (full 0):
 garbage-first heap   total 81920K, used 71283K [0x0000000080000000, 0x0000000100000000)
  region size 1024K, 42 young (43008K), 5 survivors (5120K)
 Metaspace       used 55816K, committed 57152K, reserved 1114112K
  class space    used 7932K, committed 8576K, reserved 1048576K
}
Event: 3.928 GC heap after
{Heap after GC invocations=13 (full 0):
 garbage-first heap   total 81920K, used 35873K [0x0000000080000000, 0x0000000100000000)
  region size 1024K, 6 young (6144K), 6 survivors (6144K)
 Metaspace       used 55816K, committed 57152K, reserved 1114112K
  class space    used 7932K, committed 8576K, reserved 1048576K
}
Event: 4.120 GC heap before
{Heap before GC invocations=13 (full 0):
 garbage-first heap   total 81920K, used 57377K [0x0000000080000000, 0x0000000100000000)
  region size 1024K, 26 young (26624K), 6 survivors (6144K)
 Metaspace       used 58813K, committed 60288K, reserved 1114112K
  class space    used 8288K, committed 9024K, reserved 1048576K
}
Event: 4.122 GC heap after
{Heap after GC invocations=14 (full 0):
 garbage-first heap   total 81920K, used 37594K [0x0000000080000000, 0x0000000100000000)
  region size 1024K, 5 young (5120K), 5 survivors (5120K)
 Metaspace       used 58813K, committed 60288K, reserved 1114112K
  class space    used 8288K, committed 9024K, reserved 1048576K
}
Event: 5.444 GC heap before
{Heap before GC invocations=15 (full 0):
 garbage-first heap   total 81920K, used 71386K [0x0000000080000000, 0x0000000100000000)
  region size 1024K, 39 young (39936K), 5 survivors (5120K)
 Metaspace       used 65851K, committed 67392K, reserved 1114112K
  class space    used 9213K, committed 9984K, reserved 1048576K
}
Event: 5.447 GC heap after
{Heap after GC invocations=16 (full 0):
 garbage-first heap   total 296960K, used 41369K [0x0000000080000000, 0x0000000100000000)
  region size 1024K, 5 young (5120K), 5 survivors (5120K)
 Metaspace       used 65851K, committed 67392K, reserved 1114112K
  class space    used 9213K, committed 9984K, reserved 1048576K
}

